19:04:37.206  281  DEBUG fr.sparna.rdf.xls2rdf.app.Convert - Will use output format : text/turtle
19:04:37.209  284  DEBUG fr.sparna.rdf.xls2rdf.app.Convert - Will use ModelWriter : fr.sparna.rdf.xls2rdf.OutputStreamModelWriter
19:04:37.706  781  DEBUG f.s.rdf.xls2rdf.Xls2RdfConverter - Processing sheet: Sheet1
19:04:37.711  786  INFO  f.sparna.rdf.xls2rdf.RdfizableSheet - Found proper property in header : http://ontology.deic.dk/cv/beer-variables/
19:04:37.713  788  INFO  f.sparna.rdf.xls2rdf.RdfizableSheet - Found proper property in header : http://purl.org/pav/
19:04:37.715  790  INFO  f.sparna.rdf.xls2rdf.RdfizableSheet - Found proper property in header : http://purl.org/dc/terms/
19:04:37.720  795  INFO  f.sparna.rdf.xls2rdf.RdfizableSheet - Found proper property in header : http://www.w3.org/2002/07/owl#
19:04:37.721  796  INFO  f.sparna.rdf.xls2rdf.RdfizableSheet - Found proper property in header : http://www.w3.org/2001/XMLSchema#
19:04:37.722  797  INFO  f.sparna.rdf.xls2rdf.RdfizableSheet - Found proper property in header : http://www.w3.org/2004/02/skos/core#
19:04:37.727  802  ERROR f.s.rdf.xls2rdf.ColumnHeaderParser - Unsuccessfull parsing of header parameters for header 'Always provide the version of the vocabulary. You can use form majorChange.minorChange.bugFix (e.g., 1.0.1a)', Exception is java.lang.ArrayIndexOutOfBoundsException : Index 1 out of bounds for length 1
19:04:37.728  803  ERROR f.s.rdf.xls2rdf.ColumnHeaderParser - Unsuccessfull parsing of header parameters for header 'The initial date of the vocabulary creation in form of YYYY-MM-DDTHH:mm:ss+timeZoneOffset (e.g., 2020-10-30T13:43:00+00:00)', Exception is java.lang.ArrayIndexOutOfBoundsException : Index 1 out of bounds for length 1
19:04:37.730  805  ERROR f.s.rdf.xls2rdf.ColumnHeaderParser - Unsuccessfull parsing of header parameters for header 'The date of the last update of the vocabulary in form of YYYY-MM-DDTHH:mm:ss+timeZoneOffset (e.g., 2020-10-30T13:43:00+00:00)', Exception is java.lang.ArrayIndexOutOfBoundsException : Index 1 out of bounds for length 1
19:04:37.731  806  INFO  f.sparna.rdf.xls2rdf.RdfizableSheet - Found proper property in header : http://www.w3.org/2004/02/skos/core#prefLabel
19:04:37.732  807  INFO  f.sparna.rdf.xls2rdf.RdfizableSheet - Found proper property in header : http://www.w3.org/2004/02/skos/core#altLabel
19:04:37.732  807  INFO  f.sparna.rdf.xls2rdf.RdfizableSheet - Found proper property in header : http://www.w3.org/2004/02/skos/core#definition
19:04:37.733  808  INFO  f.sparna.rdf.xls2rdf.RdfizableSheet - Found proper property in header : http://purl.org/dc/terms/source
19:04:37.733  808  INFO  f.sparna.rdf.xls2rdf.RdfizableSheet - Found proper property in header : http://www.w3.org/2004/02/skos/core#broader
19:04:37.734  809  INFO  f.sparna.rdf.xls2rdf.RdfizableSheet - Found proper property in header : http://www.w3.org/2004/02/skos/core#closeMatch
19:04:37.734  809  INFO  f.sparna.rdf.xls2rdf.RdfizableSheet - Found proper property in header : http://www.w3.org/2004/02/skos/core#exactMatch
19:04:37.735  810  INFO  f.sparna.rdf.xls2rdf.RdfizableSheet - Found proper property in header : http://www.w3.org/2004/02/skos/core#broadMatch
19:04:37.736  811  INFO  f.sparna.rdf.xls2rdf.RdfizableSheet - Found proper property in header : http://www.w3.org/2004/02/skos/core#narrowMatch
19:04:37.736  811  INFO  f.sparna.rdf.xls2rdf.RdfizableSheet - Found at least 2 headers with proper property declaration in the first 10 columns, title row is at index 15
19:04:37.738  813  DEBUG f.s.rdf.xls2rdf.Xls2RdfConverter - Found title row at index 15
19:04:37.741  816  DEBUG f.s.rdf.xls2rdf.Xls2RdfConverter - Adding value on header object "A good title for your vocabulary" with lang en
19:04:37.743  818  DEBUG f.s.rdf.xls2rdf.Xls2RdfConverter - Adding value on header object "A short name for your vocabulary" with lang en
19:04:37.744  819  DEBUG f.s.rdf.xls2rdf.Xls2RdfConverter - Adding value on header object "Give a good defintion of this vocabulary, what it is, what is going to be use for, etc." with lang en
19:04:37.745  820  DEBUG f.s.rdf.xls2rdf.Xls2RdfConverter - Adding value on header object "Put ORCID no of the vocabulary creator, repeat this row for every additional creator." with lang en
19:04:37.745  820  DEBUG f.s.rdf.xls2rdf.Xls2RdfConverter - Adding value on header object "State under what license this vocabulary is provided, preferably chose license from https://spdx.org/licenses/ , since SPDX.org provides machine-actionable licenses" with lang en
19:04:37.746  821  DEBUG f.s.rdf.xls2rdf.Xls2RdfConverter - Adding value on header object "Always provide the version of the vocabulary. You can use form majorChange.minorChange.bugFix (e.g., 1.0.1a)" with lang en
19:04:37.747  822  DEBUG f.s.rdf.xls2rdf.Xls2RdfConverter - Adding value on header object "The initial date of the vocabulary creation in form of YYYY-MM-DDTHH:mm:ss+timeZoneOffset (e.g., 2020-10-30T13:43:00+00:00)" with lang en
19:04:37.747  822  DEBUG f.s.rdf.xls2rdf.Xls2RdfConverter - Adding value on header object "The date of the last update of the vocabulary in form of YYYY-MM-DDTHH:mm:ss+timeZoneOffset (e.g., 2020-10-30T13:43:00+00:00)" with lang en
19:04:37.747  822  DEBUG f.s.rdf.xls2rdf.Xls2RdfConverter - Converting data with these column headers: 
19:04:37.747  822  DEBUG f.s.rdf.xls2rdf.Xls2RdfConverter - ColumnHeader [originalValue=Identifier, language=Optional.empty, datatype=Optional.empty, property=null, declaredProperty=Identifier, inverse=false, parameters={}, id=null, reconcileOn=null, headerCell=Identifier]
19:04:37.748  823  DEBUG f.s.rdf.xls2rdf.Xls2RdfConverter - ColumnHeader [originalValue=skos:prefLabel@en, language=Optional[en], datatype=Optional.empty, property=http://www.w3.org/2004/02/skos/core#prefLabel, declaredProperty=skos:prefLabel, inverse=false, parameters={}, id=null, reconcileOn=null, headerCell=skos:prefLabel@en]
19:04:37.749  824  DEBUG f.s.rdf.xls2rdf.Xls2RdfConverter - ColumnHeader [originalValue=skos:altLabel(separator=","), language=Optional.empty, datatype=Optional.empty, property=http://www.w3.org/2004/02/skos/core#altLabel, declaredProperty=skos:altLabel, inverse=false, parameters={separator=,}, id=null, reconcileOn=null, headerCell=skos:altLabel(separator=",")]
19:04:37.749  824  DEBUG f.s.rdf.xls2rdf.Xls2RdfConverter - ColumnHeader [originalValue=skos:definition@en, language=Optional[en], datatype=Optional.empty, property=http://www.w3.org/2004/02/skos/core#definition, declaredProperty=skos:definition, inverse=false, parameters={}, id=null, reconcileOn=null, headerCell=skos:definition@en]
19:04:37.749  824  DEBUG f.s.rdf.xls2rdf.Xls2RdfConverter - ColumnHeader [originalValue=dct:source(separator=","), language=Optional.empty, datatype=Optional.empty, property=http://purl.org/dc/terms/source, declaredProperty=dct:source, inverse=false, parameters={separator=,}, id=null, reconcileOn=null, headerCell=dct:source(separator=",")]
19:04:37.749  824  DEBUG f.s.rdf.xls2rdf.Xls2RdfConverter - ColumnHeader [originalValue=skos:broader(separator=","), language=Optional.empty, datatype=Optional.empty, property=http://www.w3.org/2004/02/skos/core#broader, declaredProperty=skos:broader, inverse=false, parameters={separator=,}, id=null, reconcileOn=null, headerCell=skos:broader(separator=",")]
19:04:37.749  824  DEBUG f.s.rdf.xls2rdf.Xls2RdfConverter - ColumnHeader [originalValue=skos:closeMatch(separator=","), language=Optional.empty, datatype=Optional.empty, property=http://www.w3.org/2004/02/skos/core#closeMatch, declaredProperty=skos:closeMatch, inverse=false, parameters={separator=,}, id=null, reconcileOn=null, headerCell=skos:closeMatch(separator=",")]
19:04:37.749  824  DEBUG f.s.rdf.xls2rdf.Xls2RdfConverter - ColumnHeader [originalValue=skos:exactMatch(separator=","), language=Optional.empty, datatype=Optional.empty, property=http://www.w3.org/2004/02/skos/core#exactMatch, declaredProperty=skos:exactMatch, inverse=false, parameters={separator=,}, id=null, reconcileOn=null, headerCell=skos:exactMatch(separator=",")]
19:04:37.749  824  DEBUG f.s.rdf.xls2rdf.Xls2RdfConverter - ColumnHeader [originalValue=skos:broadMatch(separator=","), language=Optional.empty, datatype=Optional.empty, property=http://www.w3.org/2004/02/skos/core#broadMatch, declaredProperty=skos:broadMatch, inverse=false, parameters={separator=,}, id=null, reconcileOn=null, headerCell=skos:broadMatch(separator=",")]
19:04:37.749  824  DEBUG f.s.rdf.xls2rdf.Xls2RdfConverter - ColumnHeader [originalValue=skos:narrowMatch(separator=","), language=Optional.empty, datatype=Optional.empty, property=http://www.w3.org/2004/02/skos/core#narrowMatch, declaredProperty=skos:narrowMatch, inverse=false, parameters={separator=,}, id=null, reconcileOn=null, headerCell=skos:narrowMatch(separator=",")]
19:04:37.749  824  DEBUG f.s.rdf.xls2rdf.Xls2RdfConverter - ColumnHeader [originalValue=skos:relatedMatch(separator=","), language=Optional.empty, datatype=Optional.empty, property=http://www.w3.org/2004/02/skos/core#relatedMatch, declaredProperty=skos:relatedMatch, inverse=false, parameters={separator=,}, id=null, reconcileOn=null, headerCell=skos:relatedMatch(separator=",")]
19:04:37.749  824  DEBUG f.s.rdf.xls2rdf.Xls2RdfConverter - ColumnHeader [originalValue=owl:deprecated^^xsd:boolean, language=Optional.empty, datatype=Optional[http://www.w3.org/2001/XMLSchema#boolean], property=http://www.w3.org/2002/07/owl#deprecated, declaredProperty=owl:deprecated, inverse=false, parameters={}, id=null, reconcileOn=null, headerCell=owl:deprecated^^xsd:boolean]
19:04:37.749  824  DEBUG f.s.rdf.xls2rdf.Xls2RdfConverter - ColumnHeader [originalValue=dct:isReplacedBy, language=Optional.empty, datatype=Optional.empty, property=http://purl.org/dc/terms/isReplacedBy, declaredProperty=dct:isReplacedBy, inverse=false, parameters={}, id=null, reconcileOn=null, headerCell=dct:isReplacedBy]
19:04:37.749  824  DEBUG f.s.rdf.xls2rdf.Xls2RdfConverter - ColumnHeader [originalValue=skos:editorialNote@en, language=Optional[en], datatype=Optional.empty, property=http://www.w3.org/2004/02/skos/core#editorialNote, declaredProperty=skos:editorialNote, inverse=false, parameters={}, id=null, reconcileOn=null, headerCell=skos:editorialNote@en]
19:04:37.749  824  DEBUG f.s.rdf.xls2rdf.Xls2RdfConverter - ColumnHeader [originalValue=dct:creator(separator=","), language=Optional.empty, datatype=Optional.empty, property=http://purl.org/dc/terms/creator, declaredProperty=dct:creator, inverse=false, parameters={separator=,}, id=null, reconcileOn=null, headerCell=dct:creator(separator=",")]
19:04:37.750  825  DEBUG f.s.rdf.xls2rdf.Xls2RdfConverter - ColumnHeader [originalValue=dct:contributor(separator=","), language=Optional.empty, datatype=Optional.empty, property=http://purl.org/dc/terms/contributor, declaredProperty=dct:contributor, inverse=false, parameters={separator=,}, id=null, reconcileOn=null, headerCell=dct:contributor(separator=",")]
19:04:37.750  825  INFO  f.s.rdf.xls2rdf.Xls2RdfConverter - Converting rows...
19:04:37.762  837  INFO  f.s.rdf.xls2rdf.Xls2RdfConverter - Applying SKOS post-processings on the result
19:04:37.762  837  DEBUG f.s.rdf.xls2rdf.SkosPostProcessor - Postprocessing : SkosPostProcessor
19:04:37.763  838  DEBUG f.s.rdf.xls2rdf.SkosPostProcessor - Considering main resource like a ConceptScheme.
19:04:37.769  844  DEBUG f.s.rdf.xls2rdf.SkosPostProcessor - Adding inverse skos:broader and skos:narrower
19:04:37.771  846  DEBUG f.s.rdf.xls2rdf.SkosPostProcessor - Adding skos:inScheme
19:04:37.772  847  DEBUG f.s.rdf.xls2rdf.SkosPostProcessor - Setting rdf:type skos:ConceptScheme to main resource
19:04:37.772  847  DEBUG f.s.rdf.xls2rdf.SkosPostProcessor - Adding skos:hasTopConcept / skos:topConceptOf
19:04:37.773  848  DEBUG f.s.rdf.xls2rdf.Xls2RdfConverter - Saving graph of 19 statements generated from Sheet Sheet1
